2018-07-12 23:11:58 [scrapy.utils.log] INFO: Scrapy 1.5.1 started (bot: BloombergMarketsNews)
2018-07-12 23:11:58 [scrapy.utils.log] INFO: Versions: lxml 3.6.4.0, libxml2 2.9.4, cssselect 1.0.3, parsel 1.5.0, w3lib 1.19.0, Twisted 18.4.0, Python 3.5.2 |Anaconda 4.2.0 (64-bit)| (default, Jul  5 2016, 11:41:13) [MSC v.1900 64 bit (AMD64)], pyOpenSSL 16.2.0 (OpenSSL 1.0.2j  26 Sep 2016), cryptography 1.5, Platform Windows-10-10.0.17134-SP0
2018-07-12 23:11:58 [scrapy.crawler] INFO: Overridden settings: {'USER_AGENT': 'Mozilla/5.0 (compatible; MSIE 8.0; Windows NT 6.0; Trident/4.0; WOW64; Trident/4.0; SLCC2; .NET CLR 2.0.50727; .NET CLR 3.5.30729; .NET CLR 3.0.30729; .NET CLR 1.0.3705; .NET CLR 1.1.4322)', 'DOWNLOAD_DELAY': 1, 'BOT_NAME': 'BloombergMarketsNews', 'NEWSPIDER_MODULE': 'BloombergMarketsNews.spiders', 'LOG_FILE': 'log1.log', 'COOKIES_ENABLED': False, 'SPIDER_MODULES': ['BloombergMarketsNews.spiders']}
2018-07-12 23:11:59 [scrapy.middleware] INFO: Enabled extensions:
['scrapy.extensions.logstats.LogStats',
 'scrapy.extensions.corestats.CoreStats',
 'scrapy.extensions.telnet.TelnetConsole']
2018-07-12 23:11:59 [scrapy.middleware] INFO: Enabled downloader middlewares:
['scrapy.downloadermiddlewares.httpauth.HttpAuthMiddleware',
 'scrapy.downloadermiddlewares.downloadtimeout.DownloadTimeoutMiddleware',
 'scrapy.downloadermiddlewares.defaultheaders.DefaultHeadersMiddleware',
 'scrapy.downloadermiddlewares.useragent.UserAgentMiddleware',
 'scrapy.downloadermiddlewares.retry.RetryMiddleware',
 'scrapy.downloadermiddlewares.redirect.MetaRefreshMiddleware',
 'scrapy.downloadermiddlewares.httpcompression.HttpCompressionMiddleware',
 'scrapy.downloadermiddlewares.redirect.RedirectMiddleware',
 'scrapy.downloadermiddlewares.httpproxy.HttpProxyMiddleware',
 'scrapy.downloadermiddlewares.stats.DownloaderStats']
2018-07-12 23:11:59 [scrapy.middleware] INFO: Enabled spider middlewares:
['scrapy.spidermiddlewares.httperror.HttpErrorMiddleware',
 'scrapy.spidermiddlewares.offsite.OffsiteMiddleware',
 'scrapy.spidermiddlewares.referer.RefererMiddleware',
 'scrapy.spidermiddlewares.urllength.UrlLengthMiddleware',
 'scrapy.spidermiddlewares.depth.DepthMiddleware']
2018-07-12 23:11:59 [scrapy.middleware] INFO: Enabled item pipelines:
[]
2018-07-12 23:11:59 [scrapy.core.engine] INFO: Spider opened
2018-07-12 23:11:59 [scrapy.extensions.logstats] INFO: Crawled 0 pages (at 0 pages/min), scraped 0 items (at 0 items/min)
2018-07-12 23:11:59 [scrapy.extensions.telnet] DEBUG: Telnet console listening on 127.0.0.1:6024
2018-07-12 23:11:59 [scrapy.core.engine] DEBUG: Crawled (200) <GET https://www.bloomberg.com/feeds/markets/sitemap_index.xml> (referer: None)
2018-07-12 23:12:00 [scrapy.core.engine] DEBUG: Crawled (200) <GET https://www.bloomberg.com/feeds/markets/sitemap_recent.xml> (referer: https://www.bloomberg.com/feeds/markets/sitemap_index.xml)
2018-07-12 23:12:03 [scrapy.core.engine] DEBUG: Crawled (200) <GET https://www.bloomberg.com/news/articles/2018-07-12/abandon-libor-now-or-else-u-k-regulator-warns-finance-firms> (referer: https://www.bloomberg.com/feeds/markets/sitemap_recent.xml)
2018-07-12 23:12:04 [scrapy.core.engine] DEBUG: Crawled (200) <GET https://www.bloomberg.com/news/articles/2018-07-12/binance-backs-plan-for-bank-in-malta-with-digital-coin-investors> (referer: https://www.bloomberg.com/feeds/markets/sitemap_recent.xml)
2018-07-12 23:12:04 [scrapy.core.engine] DEBUG: Crawled (200) <GET https://www.bloomberg.com/news/articles/2018-07-11/run-up-to-u-s-recession-may-be-good-time-for-emerging-markets> (referer: https://www.bloomberg.com/feeds/markets/sitemap_recent.xml)
2018-07-12 23:12:05 [scrapy.core.engine] DEBUG: Crawled (200) <GET https://www.bloomberg.com/news/articles/2018-07-12/ex-cfpb-deputy-to-guide-crypto-firms-through-regulatory-thicket> (referer: https://www.bloomberg.com/feeds/markets/sitemap_recent.xml)
2018-07-12 23:12:07 [scrapy.core.engine] DEBUG: Crawled (200) <GET https://www.bloomberg.com/news/articles/2018-07-12/turk-economy-czar-sees-curbing-inflation-top-priority-aa-says> (referer: https://www.bloomberg.com/feeds/markets/sitemap_recent.xml)
2018-07-12 23:12:08 [scrapy.core.engine] DEBUG: Crawled (200) <GET https://www.bloomberg.com/news/articles/2018-07-12/south-african-central-bank-on-a-rand-tightrope-commerzbank-says> (referer: https://www.bloomberg.com/feeds/markets/sitemap_recent.xml)
2018-07-12 23:12:10 [scrapy.core.engine] DEBUG: Crawled (200) <GET https://www.bloomberg.com/news/articles/2018-07-12/u-k-s-may-drops-call-for-easy-access-by-banks-to-eu-s-markets> (referer: https://www.bloomberg.com/feeds/markets/sitemap_recent.xml)
2018-07-12 23:12:11 [scrapy.core.engine] DEBUG: Crawled (200) <GET https://www.bloomberg.com/news/articles/2018-07-12/the-new-entry-point-for-american-luxury-home-buyers-1-million> (referer: https://www.bloomberg.com/feeds/markets/sitemap_recent.xml)
2018-07-12 23:12:11 [scrapy.core.engine] DEBUG: Crawled (200) <GET https://www.bloomberg.com/news/articles/2018-07-12/u-s-raises-odds-of-el-nino-this-year-to-roil-weather-markets> (referer: https://www.bloomberg.com/feeds/markets/sitemap_recent.xml)
2018-07-12 23:12:12 [scrapy.core.engine] DEBUG: Crawled (200) <GET https://www.bloomberg.com/news/articles/2018-07-12/it-s-whom-you-know-mexico-turkey-assets-diverge-after-votes> (referer: https://www.bloomberg.com/feeds/markets/sitemap_recent.xml)
2018-07-12 23:12:14 [scrapy.core.engine] DEBUG: Crawled (200) <GET https://www.bloomberg.com/news/articles/2018-07-12/u-s-consumer-prices-rise-less-than-forecast-as-hotel-rates-fall> (referer: https://www.bloomberg.com/feeds/markets/sitemap_recent.xml)
2018-07-12 23:12:15 [scrapy.core.engine] DEBUG: Crawled (200) <GET https://www.bloomberg.com/news/articles/2018-07-12/dutch-housing-prices-extend-gains-as-demand-outpaces-supply> (referer: https://www.bloomberg.com/feeds/markets/sitemap_recent.xml)
2018-07-12 23:12:17 [scrapy.core.engine] DEBUG: Crawled (200) <GET https://www.bloomberg.com/news/articles/2018-07-12/u-s-jobless-claims-fall-to-two-month-low-amid-july-4-holiday> (referer: https://www.bloomberg.com/feeds/markets/sitemap_recent.xml)
2018-07-12 23:12:18 [scrapy.core.engine] DEBUG: Crawled (200) <GET https://www.bloomberg.com/news/articles/2018-07-11/bond-traders-now-betting-rate-cut-just-as-likely-as-hike-in-2020> (referer: https://www.bloomberg.com/feeds/markets/sitemap_recent.xml)
2018-07-12 23:12:19 [scrapy.core.engine] DEBUG: Crawled (200) <GET https://www.bloomberg.com/news/articles/2018-07-12/ex-barclays-trader-guilty-of-euribor-rigging-as-jury-dismissed> (referer: https://www.bloomberg.com/feeds/markets/sitemap_recent.xml)
2018-07-12 23:12:20 [scrapy.core.engine] DEBUG: Crawled (200) <GET https://www.bloomberg.com/news/articles/2018-07-12/kenya-robin-hood-tax-on-cash-transfers-hurting-interbank-moves> (referer: https://www.bloomberg.com/feeds/markets/sitemap_recent.xml)
2018-07-12 23:12:22 [scrapy.core.engine] DEBUG: Crawled (200) <GET https://www.bloomberg.com/news/articles/2018-07-12/china-s-yuan-sinking-past-key-level-will-test-pboc-s-resolve> (referer: https://www.bloomberg.com/feeds/markets/sitemap_recent.xml)
2018-07-12 23:12:23 [scrapy.core.engine] DEBUG: Crawled (200) <GET https://www.bloomberg.com/news/articles/2018-07-12/manhattan-new-apartment-leases-plunge-as-landlords-keep-tenants> (referer: https://www.bloomberg.com/feeds/markets/sitemap_recent.xml)
2018-07-12 23:12:24 [scrapy.core.engine] DEBUG: Crawled (200) <GET https://www.bloomberg.com/news/articles/2018-07-12/tax-math-sends-westchester-home-sales-sliding-most-since-2011> (referer: https://www.bloomberg.com/feeds/markets/sitemap_recent.xml)
2018-07-12 23:12:26 [scrapy.core.engine] DEBUG: Crawled (200) <GET https://www.bloomberg.com/news/articles/2018-07-11/saudi-wealth-fund-said-to-plan-first-multi-billion-dollar-loan> (referer: https://www.bloomberg.com/feeds/markets/sitemap_recent.xml)
2018-07-12 23:12:27 [scrapy.core.engine] DEBUG: Crawled (200) <GET https://www.bloomberg.com/news/articles/2018-07-12/perfect-storm-sends-china-dollar-junk-bond-yields-to-2015-highs> (referer: https://www.bloomberg.com/feeds/markets/sitemap_recent.xml)
2018-07-12 23:12:28 [scrapy.core.engine] DEBUG: Crawled (200) <GET https://www.bloomberg.com/news/articles/2018-07-12/deutsche-bank-wins-nod-to-underwrite-corporate-bonds-in-china> (referer: https://www.bloomberg.com/feeds/markets/sitemap_recent.xml)
2018-07-12 23:12:29 [scrapy.core.engine] DEBUG: Crawled (200) <GET https://www.bloomberg.com/news/articles/2018-07-12/yuan-sees-its-first-death-cross-since-2015-devaluation-chart> (referer: https://www.bloomberg.com/feeds/markets/sitemap_recent.xml)
2018-07-12 23:12:31 [scrapy.core.engine] DEBUG: Crawled (200) <GET https://www.bloomberg.com/news/articles/2018-07-12/thailand-says-it-is-strong-enough-to-withstand-trade-war> (referer: https://www.bloomberg.com/feeds/markets/sitemap_recent.xml)
2018-07-12 23:12:33 [scrapy.core.engine] DEBUG: Crawled (200) <GET https://www.bloomberg.com/news/articles/2018-07-12/carney-s-rapport-trade-war-numbers-asia-s-new-wealthy-eco-day> (referer: https://www.bloomberg.com/feeds/markets/sitemap_recent.xml)
2018-07-12 23:12:34 [scrapy.core.engine] DEBUG: Crawled (200) <GET https://www.bloomberg.com/news/articles/2018-07-12/southeast-asia-bankers-want-deeper-capital-markets-for-projects> (referer: https://www.bloomberg.com/feeds/markets/sitemap_recent.xml)
2018-07-12 23:12:35 [scrapy.core.engine] DEBUG: Crawled (200) <GET https://www.bloomberg.com/news/articles/2018-07-11/steinhoff-to-start-consent-process-for-debt-restructuring-deal-jjh6ggvc> (referer: https://www.bloomberg.com/feeds/markets/sitemap_recent.xml)
2018-07-12 23:12:37 [scrapy.core.engine] DEBUG: Crawled (200) <GET https://www.bloomberg.com/news/articles/2018-07-12/european-stocks-rebound-from-trade-spat-concerns-sky-surges> (referer: https://www.bloomberg.com/feeds/markets/sitemap_recent.xml)
2018-07-12 23:12:39 [scrapy.core.engine] DEBUG: Crawled (200) <GET https://www.bloomberg.com/news/articles/2018-07-11/nigerian-senate-sees-alarming-rise-of-human-rights-violations> (referer: https://www.bloomberg.com/feeds/markets/sitemap_recent.xml)
2018-07-12 23:12:39 [scrapy.core.engine] DEBUG: Crawled (200) <GET https://www.bloomberg.com/news/articles/2018-07-12/uniqlo-owner-fashioning-overseas-success-despite-trade-war-risks> (referer: https://www.bloomberg.com/feeds/markets/sitemap_recent.xml)
2018-07-12 23:12:40 [scrapy.core.engine] DEBUG: Crawled (200) <GET https://www.bloomberg.com/news/articles/2018-07-11/deutsche-bank-names-chung-to-head-asia-equities-replacing-boyle> (referer: https://www.bloomberg.com/feeds/markets/sitemap_recent.xml)
2018-07-12 23:12:42 [scrapy.core.engine] DEBUG: Crawled (200) <GET https://www.bloomberg.com/news/articles/2018-07-11/mozambique-s-renamo-to-demilitarize-opening-way-for-polls> (referer: https://www.bloomberg.com/feeds/markets/sitemap_recent.xml)
2018-07-12 23:12:43 [scrapy.core.engine] DEBUG: Crawled (200) <GET https://www.bloomberg.com/news/articles/2018-07-12/pick-your-world-of-2060-with-trade-war-or-with-innovation> (referer: https://www.bloomberg.com/feeds/markets/sitemap_recent.xml)
2018-07-12 23:12:44 [scrapy.core.engine] DEBUG: Crawled (200) <GET https://www.bloomberg.com/news/articles/2018-07-12/opec-output-may-be-stretched-to-limit-by-supply-crises-iea-says> (referer: https://www.bloomberg.com/feeds/markets/sitemap_recent.xml)
2018-07-12 23:12:46 [scrapy.core.engine] DEBUG: Crawled (200) <GET https://www.bloomberg.com/news/articles/2018-07-12/swedish-krona-has-a-long-way-to-go-to-catch-norway-s-krone> (referer: https://www.bloomberg.com/feeds/markets/sitemap_recent.xml)
2018-07-12 23:12:47 [scrapy.core.engine] DEBUG: Crawled (200) <GET https://www.bloomberg.com/news/articles/2018-07-12/the-bond-market-is-getting-ready-to-have-greece-back-in-the-game> (referer: https://www.bloomberg.com/feeds/markets/sitemap_recent.xml)
2018-07-12 23:12:48 [scrapy.core.engine] DEBUG: Crawled (200) <GET https://www.bloomberg.com/news/articles/2018-07-11/carney-s-rapport-with-traders-tested-as-bets-build-on-boe-hike> (referer: https://www.bloomberg.com/feeds/markets/sitemap_recent.xml)
2018-07-12 23:12:49 [scrapy.core.engine] DEBUG: Crawled (200) <GET https://www.bloomberg.com/news/articles/2018-07-11/u-s-china-trade-talks-said-to-stall-as-tariff-dispute-escalates> (referer: https://www.bloomberg.com/feeds/markets/sitemap_recent.xml)
2018-07-12 23:12:50 [scrapy.downloadermiddlewares.redirect] DEBUG: Redirecting (307) to <GET https://www.bloomberg.com/tosv.html?url=L25ld3MvYXJ0aWNsZXMvMjAxOC0wNy0xMi9tYmEtc3R1ZGVudHMtc2Vlay1zZXh5LXRlY2gtam9icy1hbmQtc2lsaWNvbi12YWxsZXktaXMtaGlyaW5nPw==&uuid=a9f1c1a0-85dd-11e8-ab48-a1f4ca1dd443&vid=> from <GET https://www.bloomberg.com/news/articles/2018-07-12/mba-students-seek-sexy-tech-jobs-and-silicon-valley-is-hiring>
2018-07-12 23:12:51 [scrapy.downloadermiddlewares.redirect] DEBUG: Redirecting (307) to <GET https://www.bloomberg.com/tosv.html?url=L25ld3MvYXJ0aWNsZXMvMjAxOC0wNy0xMi9iYXJrLXBhcmtzLXRlc2xhcy1hcmUtbGF0ZXN0LXBlcmtzLWFzLXRvcm9udG8tcmVudGFscy1nby1sdXhlPw==&uuid=aacae390-85dd-11e8-b370-390af6153fa6&vid=> from <GET https://www.bloomberg.com/news/articles/2018-07-12/bark-parks-teslas-are-latest-perks-as-toronto-rentals-go-luxe>
2018-07-12 23:12:53 [scrapy.downloadermiddlewares.redirect] DEBUG: Redirecting (307) to <GET https://www.bloomberg.com/tosv.html?url=L25ld3MvYXJ0aWNsZXMvMjAxOC0wNy0xMi9zdGV2ZS1jYXNlLXMtcmV2b2x1dGlvbi1tb3Zlcy1pbnRvLWRpcmVjdC1yZWFsLWVzdGF0ZS1pbnZlc3Rpbmc/&uuid=ab829ad0-85dd-11e8-b038-adc203480768&vid=> from <GET https://www.bloomberg.com/news/articles/2018-07-12/steve-case-s-revolution-moves-into-direct-real-estate-investing>
2018-07-12 23:12:54 [scrapy.downloadermiddlewares.redirect] DEBUG: Redirecting (307) to <GET https://www.bloomberg.com/tosv.html?url=L25ld3MvYXJ0aWNsZXMvMjAxOC0wNy0xMi9jcnVkZS1zLWJ1bGwtcnVuLW1hZGUtdGhpcy1vaWwtc2FuZHMtcHJvZHVjZXItY2FuYWRhLXMtdG9wLXN0b2NrPw==&uuid=ac3ee5f0-85dd-11e8-ac1b-0745f8f46d4e&vid=> from <GET https://www.bloomberg.com/news/articles/2018-07-12/crude-s-bull-run-made-this-oil-sands-producer-canada-s-top-stock>
2018-07-12 23:12:55 [scrapy.downloadermiddlewares.redirect] DEBUG: Redirecting (307) to <GET https://www.bloomberg.com/tosv.html?url=L25ld3MvYXJ0aWNsZXMvMjAxOC0wNy0xMi9oZWRnZS1mdW5kcy1sZWFkLXRoZS1hZHZhbmNlLWFzLWJpZy1tb25leS10ZXN0cy1tYXJpanVhbmEtd2F0ZXJzPw==&uuid=acde8150-85dd-11e8-b7fd-2b5ac1183450&vid=> from <GET https://www.bloomberg.com/news/articles/2018-07-12/hedge-funds-lead-the-advance-as-big-money-tests-marijuana-waters>
2018-07-12 23:12:56 [scrapy.downloadermiddlewares.redirect] DEBUG: Redirecting (307) to <GET https://www.bloomberg.com/tosv.html?url=L25ld3MvYXJ0aWNsZXMvMjAxOC0wNy0xMi9iYW5rLW9mLWNhbmFkYS1nb2VzLWJhY2stdG8tYmFzaWNzLXdpdGgtZWNvbm9teS1ydW5uaW5nLWhvdD8=&uuid=ad863300-85dd-11e8-bea6-ed40ac2cd840&vid=> from <GET https://www.bloomberg.com/news/articles/2018-07-12/bank-of-canada-goes-back-to-basics-with-economy-running-hot>
2018-07-12 23:12:57 [scrapy.downloadermiddlewares.redirect] DEBUG: Redirecting (307) to <GET https://www.bloomberg.com/tosv.html?url=L25ld3MvYXJ0aWNsZXMvMjAxOC0wNy0xMS9hbmdzdC1yaXNlcy1hcy12aWV0bmFtLXN0b2NrLW1hcmtldC10dXJtb2lsLWhpdHMtZWlnaHQteWVhci1oaWdoPw==&uuid=ae5e6a90-85dd-11e8-b370-390af6153fa6&vid=> from <GET https://www.bloomberg.com/news/articles/2018-07-11/angst-rises-as-vietnam-stock-market-turmoil-hits-eight-year-high>
2018-07-12 23:12:58 [scrapy.downloadermiddlewares.redirect] DEBUG: Redirecting (307) to <GET https://www.bloomberg.com/tosv.html?url=L25ld3MvYXJ0aWNsZXMvMjAxOC0wNy0xMi9jaGluZXNlLXN0b2Nrcy1yZWJvdW5kLWFzLXN0YXRlLW1lZGlhLWFwcGVhbC1mb3ItY2FsbT8=&uuid=aed03f30-85dd-11e8-a504-ef2dfd93e95a&vid=> from <GET https://www.bloomberg.com/news/articles/2018-07-12/chinese-stocks-rebound-as-state-media-appeal-for-calm>
2018-07-12 23:12:59 [scrapy.extensions.logstats] INFO: Crawled 40 pages (at 40 pages/min), scraped 0 items (at 0 items/min)
2018-07-12 23:12:59 [scrapy.downloadermiddlewares.redirect] DEBUG: Redirecting (307) to <GET https://www.bloomberg.com/tosv.html?url=L25ld3MvYXJ0aWNsZXMvMjAxOC0wNy0xMi9uZXRhbnlhaHUtc2F5cy1pc3JhZWwtY2FuLWxpdmUtd2l0aC1hc3NhZC1oYWFyZXR6LXJlcG9ydHM/&uuid=af8ed440-85dd-11e8-b480-b3f238c5ef4e&vid=> from <GET https://www.bloomberg.com/news/articles/2018-07-12/netanyahu-says-israel-can-live-with-assad-haaretz-reports>
2018-07-12 23:13:00 [scrapy.downloadermiddlewares.redirect] DEBUG: Redirecting (307) to <GET https://www.bloomberg.com/tosv.html?url=L25ld3MvYXJ0aWNsZXMvMjAxOC0wNy0xMi9ldXJvcGVhbi1jb3VydC1ydWxlcy1pbi1mYXZvci1vZi11LWstc3VwcG9ydC10by1lZGYtcy1oaW5rbGV5Pw==&uuid=b0276ac0-85dd-11e8-84e3-574b5b4efe8b&vid=> from <GET https://www.bloomberg.com/news/articles/2018-07-12/european-court-rules-in-favor-of-u-k-support-to-edf-s-hinkley>
2018-07-12 23:13:02 [scrapy.downloadermiddlewares.redirect] DEBUG: Redirecting (307) to <GET https://www.bloomberg.com/tosv.html?url=L25ld3MvYXJ0aWNsZXMvMjAxOC0wNy0xMi9zb3V0aC1hZnJpY2FuLWdvbGQtb3V0cHV0LWZhbGxzLW1vc3Qtc2luY2UtZmVicnVhcnktMjAxNy1pbi1tYXk/&uuid=b0d29ee0-85dd-11e8-ad46-1dceb011dc0e&vid=> from <GET https://www.bloomberg.com/news/articles/2018-07-12/south-african-gold-output-falls-most-since-february-2017-in-may>
2018-07-12 23:13:03 [scrapy.downloadermiddlewares.redirect] DEBUG: Redirecting (307) to <GET https://www.bloomberg.com/tosv.html?url=L25ld3MvYXJ0aWNsZXMvMjAxOC0wNy0xMi9wYWtpc3Rhbi1zYWlkLXRvLWFkZC1yZWQtdGFwZS10by1hY2Nlc3MtZG9sbGFycy1hcy1yZXNlcnZlcy1kcm9wPw==&uuid=b1ba66d0-85dd-11e8-be8c-e160a77de1e1&vid=> from <GET https://www.bloomberg.com/news/articles/2018-07-12/pakistan-said-to-add-red-tape-to-access-dollars-as-reserves-drop>
2018-07-12 23:13:05 [scrapy.downloadermiddlewares.redirect] DEBUG: Redirecting (307) to <GET https://www.bloomberg.com/tosv.html?url=L25ld3MvYXJ0aWNsZXMvMjAxOC0wNy0xMi9oaWdoLXlpZWxkLWJvcnJvd2Vycy1wbGF5LWNhdGNoLXVwLWFmdGVyLXByZS1zdW1tZXItd2luZG93LW9wZW5zPw==&uuid=b2d832e0-85dd-11e8-ac1b-0745f8f46d4e&vid=> from <GET https://www.bloomberg.com/news/articles/2018-07-12/high-yield-borrowers-play-catch-up-after-pre-summer-window-opens>
2018-07-12 23:13:06 [scrapy.downloadermiddlewares.redirect] DEBUG: Redirecting (307) to <GET https://www.bloomberg.com/tosv.html?url=L25ld3MvYXJ0aWNsZXMvMjAxOC0wNy0xMi93YWxsLXN0cmVldC1lY29ub21pc3RzLXJ1bi10aGUtbnVtYmVycy1vbi10cnVtcC1zLXRyYWRlLXNhbHZvPw==&uuid=b394f330-85dd-11e8-be8c-e160a77de1e1&vid=> from <GET https://www.bloomberg.com/news/articles/2018-07-12/wall-street-economists-run-the-numbers-on-trump-s-trade-salvo>
2018-07-12 23:13:08 [scrapy.downloadermiddlewares.redirect] DEBUG: Redirecting (307) to <GET https://www.bloomberg.com/tosv.html?url=L25ld3MvYXJ0aWNsZXMvMjAxOC0wNy0xMi9hbWVyaWNhbnMtYnVyZGVuZWQtYnktaW5jcmVhc2luZy1ob3VzaW5nLWNvc3RzLXNsb3ctd2FnZS1nYWlucz8=&uuid=b455ab20-85dd-11e8-84e3-574b5b4efe8b&vid=> from <GET https://www.bloomberg.com/news/articles/2018-07-12/americans-burdened-by-increasing-housing-costs-slow-wage-gains>
2018-07-12 23:13:09 [scrapy.downloadermiddlewares.redirect] DEBUG: Redirecting (307) to <GET https://www.bloomberg.com/tosv.html?url=L25ld3MvYXJ0aWNsZXMvMjAxOC0wNy0xMi9jaGluYS1icmFjZXMtZm9yLW1vcmUtcGFpbi1mcm9tLXRoZS10cmFkZS13YXItYXMtZWNvbm9teS1zbG93cz8=&uuid=b52f9060-85dd-11e8-9db0-71bdbc06b9bb&vid=> from <GET https://www.bloomberg.com/news/articles/2018-07-12/china-braces-for-more-pain-from-the-trade-war-as-economy-slows>
2018-07-12 23:13:10 [scrapy.core.engine] DEBUG: Crawled (200) <GET https://www.bloomberg.com/tosv.html?url=L25ld3MvYXJ0aWNsZXMvMjAxOC0wNy0xMi9tYmEtc3R1ZGVudHMtc2Vlay1zZXh5LXRlY2gtam9icy1hbmQtc2lsaWNvbi12YWxsZXktaXMtaGlyaW5nPw==&uuid=a9f1c1a0-85dd-11e8-ab48-a1f4ca1dd443&vid=> (referer: https://www.bloomberg.com/feeds/markets/sitemap_recent.xml)
2018-07-12 23:13:10 [scrapy.core.engine] DEBUG: Crawled (200) <GET https://www.bloomberg.com/tosv.html?url=L25ld3MvYXJ0aWNsZXMvMjAxOC0wNy0xMi9iYXJrLXBhcmtzLXRlc2xhcy1hcmUtbGF0ZXN0LXBlcmtzLWFzLXRvcm9udG8tcmVudGFscy1nby1sdXhlPw==&uuid=aacae390-85dd-11e8-b370-390af6153fa6&vid=> (referer: https://www.bloomberg.com/feeds/markets/sitemap_recent.xml)
2018-07-12 23:13:11 [scrapy.core.engine] DEBUG: Crawled (200) <GET https://www.bloomberg.com/tosv.html?url=L25ld3MvYXJ0aWNsZXMvMjAxOC0wNy0xMi9zdGV2ZS1jYXNlLXMtcmV2b2x1dGlvbi1tb3Zlcy1pbnRvLWRpcmVjdC1yZWFsLWVzdGF0ZS1pbnZlc3Rpbmc/&uuid=ab829ad0-85dd-11e8-b038-adc203480768&vid=> (referer: https://www.bloomberg.com/feeds/markets/sitemap_recent.xml)
2018-07-12 23:13:13 [scrapy.core.engine] DEBUG: Crawled (200) <GET https://www.bloomberg.com/tosv.html?url=L25ld3MvYXJ0aWNsZXMvMjAxOC0wNy0xMi9jcnVkZS1zLWJ1bGwtcnVuLW1hZGUtdGhpcy1vaWwtc2FuZHMtcHJvZHVjZXItY2FuYWRhLXMtdG9wLXN0b2NrPw==&uuid=ac3ee5f0-85dd-11e8-ac1b-0745f8f46d4e&vid=> (referer: https://www.bloomberg.com/feeds/markets/sitemap_recent.xml)
2018-07-12 23:13:14 [scrapy.core.engine] DEBUG: Crawled (200) <GET https://www.bloomberg.com/tosv.html?url=L25ld3MvYXJ0aWNsZXMvMjAxOC0wNy0xMi9oZWRnZS1mdW5kcy1sZWFkLXRoZS1hZHZhbmNlLWFzLWJpZy1tb25leS10ZXN0cy1tYXJpanVhbmEtd2F0ZXJzPw==&uuid=acde8150-85dd-11e8-b7fd-2b5ac1183450&vid=> (referer: https://www.bloomberg.com/feeds/markets/sitemap_recent.xml)
2018-07-12 23:13:15 [scrapy.core.engine] DEBUG: Crawled (200) <GET https://www.bloomberg.com/tosv.html?url=L25ld3MvYXJ0aWNsZXMvMjAxOC0wNy0xMi9iYW5rLW9mLWNhbmFkYS1nb2VzLWJhY2stdG8tYmFzaWNzLXdpdGgtZWNvbm9teS1ydW5uaW5nLWhvdD8=&uuid=ad863300-85dd-11e8-bea6-ed40ac2cd840&vid=> (referer: https://www.bloomberg.com/feeds/markets/sitemap_recent.xml)
2018-07-12 23:13:17 [scrapy.core.engine] DEBUG: Crawled (200) <GET https://www.bloomberg.com/tosv.html?url=L25ld3MvYXJ0aWNsZXMvMjAxOC0wNy0xMS9hbmdzdC1yaXNlcy1hcy12aWV0bmFtLXN0b2NrLW1hcmtldC10dXJtb2lsLWhpdHMtZWlnaHQteWVhci1oaWdoPw==&uuid=ae5e6a90-85dd-11e8-b370-390af6153fa6&vid=> (referer: https://www.bloomberg.com/feeds/markets/sitemap_recent.xml)
2018-07-12 23:13:18 [scrapy.core.engine] DEBUG: Crawled (200) <GET https://www.bloomberg.com/tosv.html?url=L25ld3MvYXJ0aWNsZXMvMjAxOC0wNy0xMi9jaGluZXNlLXN0b2Nrcy1yZWJvdW5kLWFzLXN0YXRlLW1lZGlhLWFwcGVhbC1mb3ItY2FsbT8=&uuid=aed03f30-85dd-11e8-a504-ef2dfd93e95a&vid=> (referer: https://www.bloomberg.com/feeds/markets/sitemap_recent.xml)
2018-07-12 23:13:19 [scrapy.core.engine] DEBUG: Crawled (200) <GET https://www.bloomberg.com/tosv.html?url=L25ld3MvYXJ0aWNsZXMvMjAxOC0wNy0xMi9uZXRhbnlhaHUtc2F5cy1pc3JhZWwtY2FuLWxpdmUtd2l0aC1hc3NhZC1oYWFyZXR6LXJlcG9ydHM/&uuid=af8ed440-85dd-11e8-b480-b3f238c5ef4e&vid=> (referer: https://www.bloomberg.com/feeds/markets/sitemap_recent.xml)
2018-07-12 23:13:20 [scrapy.core.engine] DEBUG: Crawled (200) <GET https://www.bloomberg.com/tosv.html?url=L25ld3MvYXJ0aWNsZXMvMjAxOC0wNy0xMi9ldXJvcGVhbi1jb3VydC1ydWxlcy1pbi1mYXZvci1vZi11LWstc3VwcG9ydC10by1lZGYtcy1oaW5rbGV5Pw==&uuid=b0276ac0-85dd-11e8-84e3-574b5b4efe8b&vid=> (referer: https://www.bloomberg.com/feeds/markets/sitemap_recent.xml)
2018-07-12 23:13:21 [scrapy.core.engine] DEBUG: Crawled (200) <GET https://www.bloomberg.com/tosv.html?url=L25ld3MvYXJ0aWNsZXMvMjAxOC0wNy0xMi9zb3V0aC1hZnJpY2FuLWdvbGQtb3V0cHV0LWZhbGxzLW1vc3Qtc2luY2UtZmVicnVhcnktMjAxNy1pbi1tYXk/&uuid=b0d29ee0-85dd-11e8-ad46-1dceb011dc0e&vid=> (referer: https://www.bloomberg.com/feeds/markets/sitemap_recent.xml)
2018-07-12 23:13:23 [scrapy.core.engine] DEBUG: Crawled (200) <GET https://www.bloomberg.com/tosv.html?url=L25ld3MvYXJ0aWNsZXMvMjAxOC0wNy0xMi9wYWtpc3Rhbi1zYWlkLXRvLWFkZC1yZWQtdGFwZS10by1hY2Nlc3MtZG9sbGFycy1hcy1yZXNlcnZlcy1kcm9wPw==&uuid=b1ba66d0-85dd-11e8-be8c-e160a77de1e1&vid=> (referer: https://www.bloomberg.com/feeds/markets/sitemap_recent.xml)
2018-07-12 23:13:24 [scrapy.core.engine] DEBUG: Crawled (200) <GET https://www.bloomberg.com/tosv.html?url=L25ld3MvYXJ0aWNsZXMvMjAxOC0wNy0xMi9oaWdoLXlpZWxkLWJvcnJvd2Vycy1wbGF5LWNhdGNoLXVwLWFmdGVyLXByZS1zdW1tZXItd2luZG93LW9wZW5zPw==&uuid=b2d832e0-85dd-11e8-ac1b-0745f8f46d4e&vid=> (referer: https://www.bloomberg.com/feeds/markets/sitemap_recent.xml)
2018-07-12 23:13:25 [scrapy.core.engine] DEBUG: Crawled (200) <GET https://www.bloomberg.com/tosv.html?url=L25ld3MvYXJ0aWNsZXMvMjAxOC0wNy0xMi93YWxsLXN0cmVldC1lY29ub21pc3RzLXJ1bi10aGUtbnVtYmVycy1vbi10cnVtcC1zLXRyYWRlLXNhbHZvPw==&uuid=b394f330-85dd-11e8-be8c-e160a77de1e1&vid=> (referer: https://www.bloomberg.com/feeds/markets/sitemap_recent.xml)
2018-07-12 23:13:26 [scrapy.core.engine] DEBUG: Crawled (200) <GET https://www.bloomberg.com/tosv.html?url=L25ld3MvYXJ0aWNsZXMvMjAxOC0wNy0xMi9hbWVyaWNhbnMtYnVyZGVuZWQtYnktaW5jcmVhc2luZy1ob3VzaW5nLWNvc3RzLXNsb3ctd2FnZS1nYWlucz8=&uuid=b455ab20-85dd-11e8-84e3-574b5b4efe8b&vid=> (referer: https://www.bloomberg.com/feeds/markets/sitemap_recent.xml)
2018-07-12 23:13:27 [scrapy.core.engine] DEBUG: Crawled (200) <GET https://www.bloomberg.com/tosv.html?url=L25ld3MvYXJ0aWNsZXMvMjAxOC0wNy0xMi9jaGluYS1icmFjZXMtZm9yLW1vcmUtcGFpbi1mcm9tLXRoZS10cmFkZS13YXItYXMtZWNvbm9teS1zbG93cz8=&uuid=b52f9060-85dd-11e8-9db0-71bdbc06b9bb&vid=> (referer: https://www.bloomberg.com/feeds/markets/sitemap_recent.xml)
2018-07-12 23:13:29 [scrapy.downloadermiddlewares.redirect] DEBUG: Redirecting (307) to <GET https://www.bloomberg.com/tosv.html?url=L25ld3MvYXJ0aWNsZXMvMjAxOC0wNy0xMi9ob21lb3duZXJzLWhhdmUtbW9yZS1lcXVpdHktdGhhbi1ldmVyLWJ1dC1kb24tdC13YW50LXRvLXRhcC1pdD8=&uuid=c0ef1240-85dd-11e8-808d-c70f545b45a5&vid=> from <GET https://www.bloomberg.com/news/articles/2018-07-12/homeowners-have-more-equity-than-ever-but-don-t-want-to-tap-it>
2018-07-12 23:13:31 [scrapy.downloadermiddlewares.redirect] DEBUG: Redirecting (307) to <GET https://www.bloomberg.com/tosv.html?url=L25ld3MvYXJ0aWNsZXMvMjAxOC0wNy0xMi90aGUtcy1wLWZ1dHVyZXMtZmFrZW91dC1kb3duLWF0LWRhd24tdXAtYXQtbm9vbi10aGVuLWEtZmFkZT8=&uuid=c21c47a0-85dd-11e8-a931-9fafc840cb28&vid=> from <GET https://www.bloomberg.com/news/articles/2018-07-12/the-s-p-futures-fakeout-down-at-dawn-up-at-noon-then-a-fade>
2018-07-12 23:13:31 [scrapy.downloadermiddlewares.redirect] DEBUG: Redirecting (307) to <GET https://www.bloomberg.com/tosv.html?url=L25ld3MvYXJ0aWNsZXMvMjAxOC0wNy0xMi93YWxsLXN0cmVldC1maWdodHMtc2hhZG93LWJhbmtzLWluLXJhY2UtdG8tb2ZmZXItcmlza2llc3QtbG9hbnM/&uuid=c286c940-85dd-11e8-9ad4-19d71721ebb2&vid=> from <GET https://www.bloomberg.com/news/articles/2018-07-12/wall-street-fights-shadow-banks-in-race-to-offer-riskiest-loans>
2018-07-12 23:13:32 [scrapy.core.engine] DEBUG: Crawled (200) <GET https://www.bloomberg.com/news/articles/2018-07-12/china-plays-for-time-in-trade-war-with-subtle-shift-in-rhetoric> (referer: https://www.bloomberg.com/feeds/markets/sitemap_recent.xml)
2018-07-12 23:13:33 [scrapy.downloadermiddlewares.redirect] DEBUG: Redirecting (307) to <GET https://www.bloomberg.com/tosv.html?url=L25ld3MvYXJ0aWNsZXMvMjAxOC0wNy0xMi9kZWx0YS1vZi16aW1iYWJ3ZS1wb3N0cy00MC1yZXZlbnVlLXJpc2UtYXMtbGFnZXItdm9sdW1lcy1qdW1wPw==&uuid=c3d20df0-85dd-11e8-9f37-6d7111005d67&vid=> from <GET https://www.bloomberg.com/news/articles/2018-07-12/delta-of-zimbabwe-posts-40-revenue-rise-as-lager-volumes-jump>
2018-07-12 23:13:35 [scrapy.downloadermiddlewares.redirect] DEBUG: Redirecting (307) to <GET https://www.bloomberg.com/tosv.html?url=L25ld3MvYXJ0aWNsZXMvMjAxOC0wNy0xMi90aGUtY29zdC1vZi1hLXRyYWRlLXdhci1ib2UtZ3VpZGFuY2UtaXRhbHktb3V0bG9vay1lY28tZGF5Pw==&uuid=c4b987c0-85dd-11e8-897c-17c661da593b&vid=> from <GET https://www.bloomberg.com/news/articles/2018-07-12/the-cost-of-a-trade-war-boe-guidance-italy-outlook-eco-day>
2018-07-12 23:13:36 [scrapy.downloadermiddlewares.redirect] DEBUG: Redirecting (307) to <GET https://www.bloomberg.com/tosv.html?url=L25ld3MvYXJ0aWNsZXMvMjAxOC0wNy0xMi90aGFpbGFuZC1zLTYtYmlsbGlvbi1leG9kdXMtZG9lc24tdC1mYXplLWl0cy1leGNoYW5nZS1jaGllZj8=&uuid=c5439f50-85dd-11e8-b4c9-4347d7059e93&vid=> from <GET https://www.bloomberg.com/news/articles/2018-07-12/thailand-s-6-billion-exodus-doesn-t-faze-its-exchange-chief>
2018-07-12 23:13:37 [scrapy.downloadermiddlewares.redirect] DEBUG: Redirecting (307) to <GET https://www.bloomberg.com/tosv.html?url=L25ld3MvYXJ0aWNsZXMvMjAxOC0wNy0xMi9maXZlLXRoaW5ncy15b3UtbmVlZC10by1rbm93LXRvLXN0YXJ0LXlvdXItZGF5Pw==&uuid=c61212e0-85dd-11e8-a931-9fafc840cb28&vid=> from <GET https://www.bloomberg.com/news/articles/2018-07-12/five-things-you-need-to-know-to-start-your-day>
2018-07-12 23:13:39 [scrapy.downloadermiddlewares.redirect] DEBUG: Redirecting (307) to <GET https://www.bloomberg.com/tosv.html?url=L25ld3MvYXJ0aWNsZXMvMjAxOC0wNy0xMS9ib25kLXlpZWxkcy1hcmUtanVpY3ktYnV0LXRoZXktZG9uLXQtaGlkZS1sZWJhbm9uLXMtZGVidC1idXJkZW4/&uuid=c6ee4210-85dd-11e8-8918-4d29ebf8c336&vid=> from <GET https://www.bloomberg.com/news/articles/2018-07-11/bond-yields-are-juicy-but-they-don-t-hide-lebanon-s-debt-burden>
2018-07-12 23:13:40 [scrapy.downloadermiddlewares.redirect] DEBUG: Redirecting (307) to <GET https://www.bloomberg.com/tosv.html?url=L25ld3MvYXJ0aWNsZXMvMjAxOC0wNy0xMS9ldS1zLWFudGktbWlncmFudC1ibG9jLXRvLWdldC1ib29zdC1hcy1jemVjaC1tb2d1bC1jZW1lbnRzLXBvd2VyPw==&uuid=c7b7d3a0-85dd-11e8-b480-b3f238c5ef4e&vid=> from <GET https://www.bloomberg.com/news/articles/2018-07-11/eu-s-anti-migrant-bloc-to-get-boost-as-czech-mogul-cements-power>
2018-07-12 23:13:41 [scrapy.downloadermiddlewares.redirect] DEBUG: Redirecting (307) to <GET https://www.bloomberg.com/tosv.html?url=L25ld3MvYXJ0aWNsZXMvMjAxOC0wNy0xMi90dXJrZXktbGlyYS1yZWJvdW5kcy1mcm9tLXJlY29yZC1hcy1yZXRhaWwtdHJhZGVycy1idXktaW50by1kaXBzPw==&uuid=c8889120-85dd-11e8-b665-8de3f8634844&vid=> from <GET https://www.bloomberg.com/news/articles/2018-07-12/turkey-lira-rebounds-from-record-as-retail-traders-buy-into-dips>
2018-07-12 23:13:43 [scrapy.downloadermiddlewares.redirect] DEBUG: Redirecting (307) to <GET https://www.bloomberg.com/tosv.html?url=L25ld3MvYXJ0aWNsZXMvMjAxOC0wNy0xMS90cmFkZS13YXIta2lsbHMtY3VycmVuY3ktdm9sYXRpbGl0eS1sZWF2ZXMtYW5hbHlzdHMtZmx1bW1veGVkPw==&uuid=c94d40b0-85dd-11e8-b338-e5095b7611ba&vid=> from <GET https://www.bloomberg.com/news/articles/2018-07-11/trade-war-kills-currency-volatility-leaves-analysts-flummoxed>
2018-07-12 23:13:44 [scrapy.core.engine] DEBUG: Crawled (200) <GET https://www.bloomberg.com/news/articles/2018-07-12/surge-in-hacked-credit-card-information-offered-for-sale-on-web> (referer: https://www.bloomberg.com/feeds/markets/sitemap_recent.xml)
2018-07-12 23:13:45 [scrapy.downloadermiddlewares.redirect] DEBUG: Redirecting (307) to <GET https://www.bloomberg.com/tosv.html?url=L25ld3MvYXJ0aWNsZXMvMjAxOC0wNy0xMi9wYWtpc3Rhbi1taW5pc3Rlci1zYXlzLWV4LXBtLXNoYXJpZi13aWxsLWJlLWFycmVzdGVkLWF0LWFpcnBvcnQ/&uuid=cac4ec90-85dd-11e8-b038-adc203480768&vid=> from <GET https://www.bloomberg.com/news/articles/2018-07-12/pakistan-minister-says-ex-pm-sharif-will-be-arrested-at-airport>
2018-07-12 23:13:46 [scrapy.downloadermiddlewares.redirect] DEBUG: Redirecting (307) to <GET https://www.bloomberg.com/tosv.html?url=L25ld3MvYXJ0aWNsZXMvMjAxOC0wNy0xMi92aWNlcm95LW1heS1oYXZlLXBsYWdpYXJpemVkLXN0ZWluaG9mZi1yZXNlYXJjaC1pbnRlbGxpZGV4LXNheXM/&uuid=cb830c70-85dd-11e8-a910-0b59922d8e37&vid=> from <GET https://www.bloomberg.com/news/articles/2018-07-12/viceroy-may-have-plagiarized-steinhoff-research-intellidex-says>
2018-07-12 23:13:47 [scrapy.downloadermiddlewares.redirect] DEBUG: Redirecting (307) to <GET https://www.bloomberg.com/tosv.html?url=L25ld3MvYXJ0aWNsZXMvMjAxOC0wNy0xMS90cmVhc3VyeS1zaG9ydC1iZXRzLW1heS1iZS1vbi1ib3Jyb3dlZC10aW1lLWFzLXRyYWRlLWFuZ3N0LXJpc2VzPw==&uuid=cbef89e0-85dd-11e8-8773-872f323adc42&vid=> from <GET https://www.bloomberg.com/news/articles/2018-07-11/treasury-short-bets-may-be-on-borrowed-time-as-trade-angst-rises>
2018-07-12 23:13:49 [scrapy.core.engine] DEBUG: Crawled (200) <GET https://www.bloomberg.com/tosv.html?url=L25ld3MvYXJ0aWNsZXMvMjAxOC0wNy0xMi9ob21lb3duZXJzLWhhdmUtbW9yZS1lcXVpdHktdGhhbi1ldmVyLWJ1dC1kb24tdC13YW50LXRvLXRhcC1pdD8=&uuid=c0ef1240-85dd-11e8-808d-c70f545b45a5&vid=> (referer: https://www.bloomberg.com/feeds/markets/sitemap_recent.xml)
2018-07-12 23:13:50 [scrapy.core.engine] DEBUG: Crawled (200) <GET https://www.bloomberg.com/tosv.html?url=L25ld3MvYXJ0aWNsZXMvMjAxOC0wNy0xMi90aGUtcy1wLWZ1dHVyZXMtZmFrZW91dC1kb3duLWF0LWRhd24tdXAtYXQtbm9vbi10aGVuLWEtZmFkZT8=&uuid=c21c47a0-85dd-11e8-a931-9fafc840cb28&vid=> (referer: https://www.bloomberg.com/feeds/markets/sitemap_recent.xml)
2018-07-12 23:13:51 [scrapy.core.engine] DEBUG: Crawled (200) <GET https://www.bloomberg.com/tosv.html?url=L25ld3MvYXJ0aWNsZXMvMjAxOC0wNy0xMi93YWxsLXN0cmVldC1maWdodHMtc2hhZG93LWJhbmtzLWluLXJhY2UtdG8tb2ZmZXItcmlza2llc3QtbG9hbnM/&uuid=c286c940-85dd-11e8-9ad4-19d71721ebb2&vid=> (referer: https://www.bloomberg.com/feeds/markets/sitemap_recent.xml)
2018-07-12 23:13:52 [scrapy.downloadermiddlewares.redirect] DEBUG: Redirecting (307) to <GET https://www.bloomberg.com/tosv.html?url=L25ld3MvYXJ0aWNsZXMvMjAxOC0wNy0xMi9zZWFyY2hpbmctZm9yLXRyYWRlLXdhci1oYXZlbi1hc3NldHMtc3RheS1jbGVhci1vZi10aGUteWVuPw==&uuid=cf2364b0-85dd-11e8-b0a1-8df9fd04b780&vid=> from <GET https://www.bloomberg.com/news/articles/2018-07-12/searching-for-trade-war-haven-assets-stay-clear-of-the-yen>
2018-07-12 23:13:54 [scrapy.core.engine] DEBUG: Crawled (200) <GET https://www.bloomberg.com/tosv.html?url=L25ld3MvYXJ0aWNsZXMvMjAxOC0wNy0xMi9kZWx0YS1vZi16aW1iYWJ3ZS1wb3N0cy00MC1yZXZlbnVlLXJpc2UtYXMtbGFnZXItdm9sdW1lcy1qdW1wPw==&uuid=c3d20df0-85dd-11e8-9f37-6d7111005d67&vid=> (referer: https://www.bloomberg.com/feeds/markets/sitemap_recent.xml)
2018-07-12 23:13:55 [scrapy.core.engine] DEBUG: Crawled (200) <GET https://www.bloomberg.com/tosv.html?url=L25ld3MvYXJ0aWNsZXMvMjAxOC0wNy0xMi90aGUtY29zdC1vZi1hLXRyYWRlLXdhci1ib2UtZ3VpZGFuY2UtaXRhbHktb3V0bG9vay1lY28tZGF5Pw==&uuid=c4b987c0-85dd-11e8-897c-17c661da593b&vid=> (referer: https://www.bloomberg.com/feeds/markets/sitemap_recent.xml)
2018-07-12 23:13:56 [scrapy.core.engine] DEBUG: Crawled (200) <GET https://www.bloomberg.com/tosv.html?url=L25ld3MvYXJ0aWNsZXMvMjAxOC0wNy0xMi90aGFpbGFuZC1zLTYtYmlsbGlvbi1leG9kdXMtZG9lc24tdC1mYXplLWl0cy1leGNoYW5nZS1jaGllZj8=&uuid=c5439f50-85dd-11e8-b4c9-4347d7059e93&vid=> (referer: https://www.bloomberg.com/feeds/markets/sitemap_recent.xml)
2018-07-12 23:13:57 [scrapy.core.engine] DEBUG: Crawled (200) <GET https://www.bloomberg.com/tosv.html?url=L25ld3MvYXJ0aWNsZXMvMjAxOC0wNy0xMi9maXZlLXRoaW5ncy15b3UtbmVlZC10by1rbm93LXRvLXN0YXJ0LXlvdXItZGF5Pw==&uuid=c61212e0-85dd-11e8-a931-9fafc840cb28&vid=> (referer: https://www.bloomberg.com/feeds/markets/sitemap_recent.xml)
2018-07-12 23:13:58 [scrapy.core.engine] DEBUG: Crawled (200) <GET https://www.bloomberg.com/tosv.html?url=L25ld3MvYXJ0aWNsZXMvMjAxOC0wNy0xMS9ib25kLXlpZWxkcy1hcmUtanVpY3ktYnV0LXRoZXktZG9uLXQtaGlkZS1sZWJhbm9uLXMtZGVidC1idXJkZW4/&uuid=c6ee4210-85dd-11e8-8918-4d29ebf8c336&vid=> (referer: https://www.bloomberg.com/feeds/markets/sitemap_recent.xml)
2018-07-12 23:13:59 [scrapy.core.engine] DEBUG: Crawled (200) <GET https://www.bloomberg.com/tosv.html?url=L25ld3MvYXJ0aWNsZXMvMjAxOC0wNy0xMS9ldS1zLWFudGktbWlncmFudC1ibG9jLXRvLWdldC1ib29zdC1hcy1jemVjaC1tb2d1bC1jZW1lbnRzLXBvd2VyPw==&uuid=c7b7d3a0-85dd-11e8-b480-b3f238c5ef4e&vid=> (referer: https://www.bloomberg.com/feeds/markets/sitemap_recent.xml)
2018-07-12 23:13:59 [scrapy.extensions.logstats] INFO: Crawled 67 pages (at 27 pages/min), scraped 0 items (at 0 items/min)
2018-07-12 23:14:00 [scrapy.core.engine] DEBUG: Crawled (200) <GET https://www.bloomberg.com/tosv.html?url=L25ld3MvYXJ0aWNsZXMvMjAxOC0wNy0xMi90dXJrZXktbGlyYS1yZWJvdW5kcy1mcm9tLXJlY29yZC1hcy1yZXRhaWwtdHJhZGVycy1idXktaW50by1kaXBzPw==&uuid=c8889120-85dd-11e8-b665-8de3f8634844&vid=> (referer: https://www.bloomberg.com/feeds/markets/sitemap_recent.xml)
2018-07-12 23:14:02 [scrapy.core.engine] DEBUG: Crawled (200) <GET https://www.bloomberg.com/tosv.html?url=L25ld3MvYXJ0aWNsZXMvMjAxOC0wNy0xMS90cmFkZS13YXIta2lsbHMtY3VycmVuY3ktdm9sYXRpbGl0eS1sZWF2ZXMtYW5hbHlzdHMtZmx1bW1veGVkPw==&uuid=c94d40b0-85dd-11e8-b338-e5095b7611ba&vid=> (referer: https://www.bloomberg.com/feeds/markets/sitemap_recent.xml)
2018-07-12 23:14:04 [scrapy.core.engine] DEBUG: Crawled (200) <GET https://www.bloomberg.com/news/articles/2018-07-12/u-s-gas-declines-on-outlook-for-break-from-ridiculous-heat> (referer: https://www.bloomberg.com/feeds/markets/sitemap_recent.xml)
2018-07-12 23:14:04 [scrapy.core.engine] DEBUG: Crawled (200) <GET https://www.bloomberg.com/tosv.html?url=L25ld3MvYXJ0aWNsZXMvMjAxOC0wNy0xMi9wYWtpc3Rhbi1taW5pc3Rlci1zYXlzLWV4LXBtLXNoYXJpZi13aWxsLWJlLWFycmVzdGVkLWF0LWFpcnBvcnQ/&uuid=cac4ec90-85dd-11e8-b038-adc203480768&vid=> (referer: https://www.bloomberg.com/feeds/markets/sitemap_recent.xml)
2018-07-12 23:14:05 [scrapy.core.engine] DEBUG: Crawled (200) <GET https://www.bloomberg.com/tosv.html?url=L25ld3MvYXJ0aWNsZXMvMjAxOC0wNy0xMi92aWNlcm95LW1heS1oYXZlLXBsYWdpYXJpemVkLXN0ZWluaG9mZi1yZXNlYXJjaC1pbnRlbGxpZGV4LXNheXM/&uuid=cb830c70-85dd-11e8-a910-0b59922d8e37&vid=> (referer: https://www.bloomberg.com/feeds/markets/sitemap_recent.xml)
2018-07-12 23:14:07 [scrapy.core.engine] DEBUG: Crawled (200) <GET https://www.bloomberg.com/tosv.html?url=L25ld3MvYXJ0aWNsZXMvMjAxOC0wNy0xMS90cmVhc3VyeS1zaG9ydC1iZXRzLW1heS1iZS1vbi1ib3Jyb3dlZC10aW1lLWFzLXRyYWRlLWFuZ3N0LXJpc2VzPw==&uuid=cbef89e0-85dd-11e8-8773-872f323adc42&vid=> (referer: https://www.bloomberg.com/feeds/markets/sitemap_recent.xml)
2018-07-12 23:14:08 [scrapy.core.engine] DEBUG: Crawled (200) <GET https://www.bloomberg.com/news/articles/2018-07-12/indonesia-reaches-preliminary-deal-with-freeport-on-grasberg-jji3ehey> (referer: https://www.bloomberg.com/feeds/markets/sitemap_recent.xml)
2018-07-12 23:14:09 [scrapy.core.engine] DEBUG: Crawled (200) <GET https://www.bloomberg.com/news/articles/2018-07-12/u-s-consumer-comfort-nears-17-year-high-on-better-finance-views> (referer: https://www.bloomberg.com/feeds/markets/sitemap_recent.xml)
2018-07-12 23:14:10 [scrapy.core.engine] DEBUG: Crawled (200) <GET https://www.bloomberg.com/news/articles/2018-07-11/world-s-fastest-growing-oil-user-bucks-trend-of-fuel-price-cuts> (referer: https://www.bloomberg.com/feeds/markets/sitemap_recent.xml)
2018-07-12 23:14:11 [scrapy.core.engine] DEBUG: Crawled (200) <GET https://www.bloomberg.com/tosv.html?url=L25ld3MvYXJ0aWNsZXMvMjAxOC0wNy0xMi9zZWFyY2hpbmctZm9yLXRyYWRlLXdhci1oYXZlbi1hc3NldHMtc3RheS1jbGVhci1vZi10aGUteWVuPw==&uuid=cf2364b0-85dd-11e8-b0a1-8df9fd04b780&vid=> (referer: https://www.bloomberg.com/feeds/markets/sitemap_recent.xml)
2018-07-12 23:14:13 [scrapy.core.engine] DEBUG: Crawled (200) <GET https://www.bloomberg.com/news/articles/2018-07-12/michelin-to-acquire-farm-tire-maker-camso-for-1-45-billion> (referer: https://www.bloomberg.com/feeds/markets/sitemap_recent.xml)
2018-07-12 23:14:14 [scrapy.core.engine] DEBUG: Crawled (200) <GET https://www.bloomberg.com/news/articles/2018-07-11/hydro-one-ceo-to-retire-as-ontario-s-ford-shakes-up-utility> (referer: https://www.bloomberg.com/feeds/markets/sitemap_recent.xml)
2018-07-12 23:14:15 [scrapy.core.engine] DEBUG: Crawled (200) <GET https://www.bloomberg.com/news/articles/2018-07-12/canyon-partners-closes-on-a-450-million-real-estate-debt-fund> (referer: https://www.bloomberg.com/feeds/markets/sitemap_recent.xml)
2018-07-12 23:14:16 [scrapy.core.engine] DEBUG: Crawled (200) <GET https://www.bloomberg.com/news/articles/2018-07-11/asia-stocks-set-for-mixed-start-oil-plunges-markets-wrap> (referer: https://www.bloomberg.com/feeds/markets/sitemap_recent.xml)
2018-07-12 23:14:18 [scrapy.core.engine] DEBUG: Crawled (200) <GET https://www.bloomberg.com/news/articles/2018-07-12/trade-war-fallout-mapped-in-commodity-gauges-from-soy-to-copper> (referer: https://www.bloomberg.com/feeds/markets/sitemap_recent.xml)
2018-07-12 23:14:18 [scrapy.core.engine] INFO: Closing spider (finished)
2018-07-12 23:14:18 [scrapy.statscollectors] INFO: Dumping Scrapy stats:
{'downloader/request_bytes': 62084,
 'downloader/request_count': 113,
 'downloader/request_method_count/GET': 113,
 'downloader/response_bytes': 1007023,
 'downloader/response_count': 113,
 'downloader/response_status_count/200': 82,
 'downloader/response_status_count/307': 31,
 'finish_reason': 'finished',
 'finish_time': datetime.datetime(2018, 7, 12, 14, 14, 18, 123613),
 'log_count/DEBUG': 114,
 'log_count/INFO': 9,
 'request_depth_max': 2,
 'response_received_count': 82,
 'scheduler/dequeued': 113,
 'scheduler/dequeued/memory': 113,
 'scheduler/enqueued': 113,
 'scheduler/enqueued/memory': 113,
 'start_time': datetime.datetime(2018, 7, 12, 14, 11, 59, 380480)}
2018-07-12 23:14:18 [scrapy.core.engine] INFO: Spider closed (finished)
